Added Component: Designator=U?(STM-TSSOP-16_L)
Add component (AddParameter): Name = "Data Rate"; Value = "0.4kbps"; VariantName = "[No Variations]"
Add component (AddParameter): Name = "Data Transmission Topology"; Value = "Point-to-Point"; VariantName = "[No Variations]"
Add component (AddParameter): Name = "Datasheet URL"; Value = "http://www.st.com/content/ccc/resource/technical/document/datasheet/group1/40/2c/7f/62/3a/3f/47/3c/CD00002253/files/CD00002253.pdf/jcr:content/translations/en.CD00002253.pdf"; VariantName = "[No Variations]"
Add component (AddParameter): Name = "Datasheet Version"; Value = "Rev. 12, 01/2016"; VariantName = "[No Variations]"
Add component (AddParameter): Name = "DELETED"; Value = "Compliant"; VariantName = "[No Variations]"
Add component (AddParameter): Name = "Dual Supply Voltage (Max)"; Value = "NotRequiredV"; VariantName = "[No Variations]"
Add component (AddParameter): Name = "Dual Supply Voltage (Min)"; Value = "NotRequiredV"; VariantName = "[No Variations]"
Add component (AddParameter): Name = "Dual Supply Voltage (Typ)"; Value = "NotRequiredV"; VariantName = "[No Variations]"
Add component (AddParameter): Name = "Manufacturer"; Value = "STMicroelectronics"; VariantName = "[No Variations]"
Add component (AddParameter): Name = "Manufacturer URL"; Value = "http://www.st.com/"; VariantName = "[No Variations]"
Add component (AddParameter): Name = "Mounting"; Value = "SurfaceMount"; VariantName = "[No Variations]"
Add component (AddParameter): Name = "Mounting Technology"; Value = "SurfaceMount"; VariantName = "[No Variations]"
Add component (AddParameter): Name = "Number of Receivers"; Value = "2"; VariantName = "[No Variations]"
Add component (AddParameter): Name = "Number of Transceivers"; Value = "1"; VariantName = "[No Variations]"
Add component (AddParameter): Name = "Number of Transmitters"; Value = "2"; VariantName = "[No Variations]"
Add component (AddParameter): Name = "Operating Temp Range"; Value = "-40Cto85C"; VariantName = "[No Variations]"
Add component (AddParameter): Name = "Operating Temperature Classification"; Value = "Industrial"; VariantName = "[No Variations]"
Add component (AddParameter): Name = "Package Description"; Value = "16-Pin Thin Shrink Small Outline Package, Body 5 x 4.4 mm, Pitch 0.65 mm"; VariantName = "[No Variations]"
Add component (AddParameter): Name = "Package Reference"; Value = "TSSOP-16"; VariantName = "[No Variations]"
Add component (AddParameter): Name = "Package Type"; Value = "TSSOP"; VariantName = "[No Variations]"
Add component (AddParameter): Name = "Packaging"; Value = "TapeandReel"; VariantName = "[No Variations]"
Add component (AddParameter): Name = "Pin Count"; Value = "16"; VariantName = "[No Variations]"
Add component (AddParameter): Name = "Power Supply Requirement"; Value = "Single"; VariantName = "[No Variations]"
Add component (AddParameter): Name = "Rad Hardened"; Value = "No"; VariantName = "[No Variations]"
Add component (AddParameter): Name = "Receiver Signal Type"; Value = "Single-Ended"; VariantName = "[No Variations]"
Add component (AddParameter): Name = "Single Supply Voltage (Max)"; Value = "5.5V"; VariantName = "[No Variations]"
Add component (AddParameter): Name = "Single Supply Voltage (Min)"; Value = "3V"; VariantName = "[No Variations]"
Add component (AddParameter): Name = "Single Supply Voltage (Typ)"; Value = "3.3/5V"; VariantName = "[No Variations]"
Add component (AddParameter): Name = "Supply Current"; Value = "2mA"; VariantName = "[No Variations]"
Add component (AddParameter): Name = "Transmitter Signal Type"; Value = "Single-Ended"; VariantName = "[No Variations]"
Add component (AddParameter): Name = "Interface Circuit Standard 1"; Value = "RS-232"; VariantName = "[No Variations]"
Added Class: Name=Pmod_RS232
Added Room: Name=Pmod_RS232
