Removed Pin From Net: NetName=NetJ2_2 Pin=U1-1
Removed Pin From Net: NetName=VCC Pin=U1-2
Removed Pin From Net: NetName=GND Pin=U1-3
Removed Pin From Net: NetName=NetJ1_4 Pin=U1-4
Removed Pin From Net: NetName=NetJ1_2 Pin=U1-5
Removed Pin From Net: NetName=NetJ1_1 Pin=U1-6
Removed Pin From Net: NetName=NetJ2_3 Pin=U1-7
Removed Pin From Net: NetName=NetJ2_1 Pin=U1-8
Removed Member From Class: ClassName=PMOD_DPOT Member=U1
Added Component: Designator=U?(FP-RJ-8-IPC_A)
Add component (AddParameter): Name = "-3db Bandwidth"; Value = "1.2MHz"; VariantName = "[No Variations]"
Add component (AddParameter): Name = "Case/Package"; Value = "SOT-23"; VariantName = "[No Variations]"
Add component (AddParameter): Name = "Contact Plating"; Value = "Gold"; VariantName = "[No Variations]"
Add component (AddParameter): Name = "Frequency"; Value = "25MHz"; VariantName = "[No Variations]"
Add component (AddParameter): Name = "Lead Free"; Value = "Contains Lead"; VariantName = "[No Variations]"
Add component (AddParameter): Name = "Max Operating Temperature"; Value = "125°C"; VariantName = "[No Variations]"
Add component (AddParameter): Name = "Max Supply Current"; Value = "3uA"; VariantName = "[No Variations]"
Add component (AddParameter): Name = "Max Supply Voltage"; Value = "5.5V"; VariantName = "[No Variations]"
Add component (AddParameter): Name = "Memory Type"; Value = "Volatile"; VariantName = "[No Variations]"
Add component (AddParameter): Name = "Min Operating Temperature"; Value = "-40°C"; VariantName = "[No Variations]"
Add component (AddParameter): Name = "Min Supply Voltage"; Value = "2.7V"; VariantName = "[No Variations]"
Add component (AddParameter): Name = "Mount"; Value = "Surface Mount"; VariantName = "[No Variations]"
Add component (AddParameter): Name = "Nominal Supply Current"; Value = "3uA"; VariantName = "[No Variations]"
Add component (AddParameter): Name = "Number of Channels"; Value = "1"; VariantName = "[No Variations]"
Add component (AddParameter): Name = "Number of Circuits"; Value = "1"; VariantName = "[No Variations]"
Add component (AddParameter): Name = "Number of Elements"; Value = "1"; VariantName = "[No Variations]"
Add component (AddParameter): Name = "Number of Pins"; Value = "8"; VariantName = "[No Variations]"
Add component (AddParameter): Name = "Number of Positions"; Value = "256"; VariantName = "[No Variations]"
Add component (AddParameter): Name = "Number of Taps"; Value = "256"; VariantName = "[No Variations]"
Add component (AddParameter): Name = "Operating Supply Current"; Value = "3uA"; VariantName = "[No Variations]"
Add component (AddParameter): Name = "Operating Supply Voltage"; Value = "5.5V"; VariantName = "[No Variations]"
Add component (AddParameter): Name = "Package Quantity"; Value = "1"; VariantName = "[No Variations]"
Add component (AddParameter): Name = "Packaging"; Value = "Tape and Reel"; VariantName = "[No Variations]"
Add component (AddParameter): Name = "Quiescent Current"; Value = "3uA"; VariantName = "[No Variations]"
Add component (AddParameter): Name = "Radiation Hardening"; Value = "No"; VariantName = "[No Variations]"
Add component (AddParameter): Name = "REACH SVHC"; Value = "No SVHC"; VariantName = "[No Variations]"
Add component (AddParameter): Name = "Resistance"; Value = "10kR"; VariantName = "[No Variations]"
Add component (AddParameter): Name = "Resistance Tolerance"; Value = "15%"; VariantName = "[No Variations]"
Add component (AddParameter): Name = "RoHS Compliant"; Value = "Yes"; VariantName = "[No Variations]"
Add component (AddParameter): Name = "Series"; Value = "-"; VariantName = "[No Variations]"
Add component (AddParameter): Name = "Supply Current"; Value = "3uA"; VariantName = "[No Variations]"
Add component (AddParameter): Name = "Taper"; Value = "Linear"; VariantName = "[No Variations]"
Add component (AddParameter): Name = "Temperature Coefficient"; Value = "35ppm/°C"; VariantName = "[No Variations]"
Add component (AddParameter): Name = "Termination"; Value = "SMD/SMT"; VariantName = "[No Variations]"
Add component (AddParameter): Name = "Tolerance"; Value = "15%"; VariantName = "[No Variations]"
Add component (AddParameter): Name = "Interface"; Value = "SPI"; VariantName = "[No Variations]"
Added Pin To Net: NetName=NetJ2_2 Pin=U?-1
Added Pin To Net: NetName=VCC Pin=U?-2
Added Pin To Net: NetName=GND Pin=U?-3
Added Pin To Net: NetName=NetJ1_4 Pin=U?-4
Added Pin To Net: NetName=NetJ1_2 Pin=U?-5
Added Pin To Net: NetName=NetJ1_1 Pin=U?-6
Added Pin To Net: NetName=NetJ2_3 Pin=U?-7
Added Pin To Net: NetName=NetJ2_1 Pin=U?-8
Added Member To Class: ClassName=PMOD_DPOT Member=Component U? AD5160BRJZ10-RL7
Added Room: Name=PMOD_DPOT
